<?xml version="1.0" encoding="UTF-8"?>
<!-- Generated by org.testng.reporters.JUnitReportReporter -->
<testsuite hostname="EPBYMINW4546" name="com.testngtutorial.MyTestNGTutorial.tests.LoginTest" tests="1" failures="0" timestamp="6 Jul 2016 10:09:27 GMT" time="1.256" errors="0">
  <testcase name="loadPage" time="1.256" classname="com.testngtutorial.MyTestNGTutorial.tests.LoginTest"/>
</testsuite> <!-- com.testngtutorial.MyTestNGTutorial.tests.LoginTest -->
