<?xml version="1.0" encoding="UTF-8"?>
<!-- Generated by org.testng.reporters.JUnitReportReporter -->
<testsuite hostname="epbyminw4546.minsk.epam.com" name="com.testngtutorial.MyTestNGTutorial.tests.LoginTest" tests="1" failures="0" timestamp="22 Jul 2016 13:42:45 GMT" time="5.111" errors="0">
  <testcase name="loadPage" time="5.111" classname="com.testngtutorial.MyTestNGTutorial.tests.LoginTest"/>
</testsuite> <!-- com.testngtutorial.MyTestNGTutorial.tests.LoginTest -->
