<?xml version="1.0" encoding="UTF-8"?>
<!-- Generated by org.testng.reporters.JUnitReportReporter -->
<testsuite hostname="epbyminw4546.minsk.epam.com" name="com.testngtutorial.MyTestNGTutorial.tests.YandexMailTest" tests="1" failures="0" timestamp="22 Jul 2016 15:41:50 GMT" time="17.280" errors="0">
  <testcase name="getBodyBox" time="17.280" classname="com.testngtutorial.MyTestNGTutorial.tests.YandexMailTest"/>
</testsuite> <!-- com.testngtutorial.MyTestNGTutorial.tests.YandexMailTest -->
