<?xml version="1.0" encoding="UTF-8"?>
<!-- Generated by org.testng.reporters.JUnitReportReporter -->
<testsuite hostname="EPBYMINW4546" name="com.testngtutorial.MyTestNGTutorial.LoginTest" tests="2" failures="0" timestamp="27 Jun 2016 13:34:42 GMT" time="8.977" errors="0">
  <testcase name="testLoginMainPage" time="5.412" classname="com.testngtutorial.MyTestNGTutorial.LoginTest"/>
  <testcase name="testLoginMainPage" time="3.565" classname="com.testngtutorial.MyTestNGTutorial.LoginTest"/>
</testsuite> <!-- com.testngtutorial.MyTestNGTutorial.LoginTest -->
