<?xml version="1.0" encoding="UTF-8"?>
<!-- Generated by org.testng.reporters.JUnitReportReporter -->
<testsuite hostname="EPBYMINW4546" name="com.testngtutorial.MyTestNGTutorial.LoginTest" tests="5" failures="0" timestamp="28 Jun 2016 12:59:12 GMT" time="10.546" errors="0">
  <testcase name="filloutEmailFld" time="0.146" classname="com.testngtutorial.MyTestNGTutorial.LoginTest"/>
  <testcase name="testLoginMainPage" time="5.392" classname="com.testngtutorial.MyTestNGTutorial.LoginTest"/>
  <testcase name="loadPage" time="1.891" classname="com.testngtutorial.MyTestNGTutorial.LoginTest"/>
  <testcase name="filloutPassFld" time="0.097" classname="com.testngtutorial.MyTestNGTutorial.LoginTest"/>
  <testcase name="testLoginMainPage" time="3.020" classname="com.testngtutorial.MyTestNGTutorial.LoginTest"/>
</testsuite> <!-- com.testngtutorial.MyTestNGTutorial.LoginTest -->
